2025-04-28T17:16:00.394-03:00  INFO 23212 --- [crud-backend] [restartedMain] c.f.crud_backend.CrudBackendApplication  : Starting CrudBackendApplication using Java 17.0.2 with PID 23212 (C:\Projects\Java Projects\PostgreSQL\crud-backend\crud-backend\target\classes started by flesc in C:\Projects\Java Projects\PostgreSQL\crud-backend\crud-backend)
2025-04-28T17:16:00.394-03:00  INFO 23212 --- [crud-backend] [restartedMain] c.f.crud_backend.CrudBackendApplication  : No active profile set, falling back to 1 default profile: "default"
2025-04-28T17:16:00.556-03:00  INFO 23212 --- [crud-backend] [restartedMain] .s.d.r.c.RepositoryConfigurationDelegate : Bootstrapping Spring Data JPA repositories in DEFAULT mode.
2025-04-28T17:16:00.588-03:00  INFO 23212 --- [crud-backend] [restartedMain] .s.d.r.c.RepositoryConfigurationDelegate : Finished Spring Data repository scanning in 18 ms. Found 3 JPA repository interfaces.
2025-04-28T17:16:00.671-03:00  INFO 23212 --- [crud-backend] [restartedMain] o.s.b.w.embedded.tomcat.TomcatWebServer  : Tomcat initialized with port 8080 (http)
2025-04-28T17:16:00.672-03:00  INFO 23212 --- [crud-backend] [restartedMain] o.apache.catalina.core.StandardService   : Starting service [Tomcat]
2025-04-28T17:16:00.672-03:00  INFO 23212 --- [crud-backend] [restartedMain] o.apache.catalina.core.StandardEngine    : Starting Servlet engine: [Apache Tomcat/10.1.34]
2025-04-28T17:16:00.686-03:00  INFO 23212 --- [crud-backend] [restartedMain] o.a.c.c.C.[Tomcat].[localhost].[/]       : Initializing Spring embedded WebApplicationContext
2025-04-28T17:16:00.687-03:00  INFO 23212 --- [crud-backend] [restartedMain] w.s.c.ServletWebServerApplicationContext : Root WebApplicationContext: initialization completed in 292 ms
2025-04-28T17:16:00.713-03:00  INFO 23212 --- [crud-backend] [restartedMain] o.hibernate.jpa.internal.util.LogHelper  : HHH000204: Processing PersistenceUnitInfo [name: default]
2025-04-28T17:16:00.714-03:00  INFO 23212 --- [crud-backend] [restartedMain] o.h.c.internal.RegionFactoryInitiator    : HHH000026: Second-level cache disabled
2025-04-28T17:16:00.720-03:00  INFO 23212 --- [crud-backend] [restartedMain] o.s.o.j.p.SpringPersistenceUnitInfo      : No LoadTimeWeaver setup: ignoring JPA class transformer
2025-04-28T17:16:00.721-03:00  INFO 23212 --- [crud-backend] [restartedMain] com.zaxxer.hikari.HikariDataSource       : HikariPool-6 - Starting...
2025-04-28T17:16:00.758-03:00  INFO 23212 --- [crud-backend] [restartedMain] com.zaxxer.hikari.pool.HikariPool        : HikariPool-6 - Added connection org.postgresql.jdbc.PgConnection@1daaeefb
2025-04-28T17:16:00.758-03:00  INFO 23212 --- [crud-backend] [restartedMain] com.zaxxer.hikari.HikariDataSource       : HikariPool-6 - Start completed.
2025-04-28T17:16:00.764-03:00  WARN 23212 --- [crud-backend] [restartedMain] org.hibernate.orm.deprecation            : HHH90000025: PostgreSQLDialect does not need to be specified explicitly using 'hibernate.dialect' (remove the property setting and it will be selected by default)
2025-04-28T17:16:00.766-03:00  INFO 23212 --- [crud-backend] [restartedMain] org.hibernate.orm.connections.pooling    : HHH10001005: Database info:
	Database JDBC URL [Connecting through datasource 'HikariDataSource (HikariPool-6)']
	Database driver: undefined/unknown
	Database version: 17.0
	Autocommit mode: undefined/unknown
	Isolation level: undefined/unknown
	Minimum pool size: undefined/unknown
	Maximum pool size: undefined/unknown
2025-04-28T17:16:00.830-03:00  INFO 23212 --- [crud-backend] [restartedMain] o.h.e.t.j.p.i.JtaPlatformInitiator       : HHH000489: No JTA platform available (set 'hibernate.transaction.jta.platform' to enable JTA platform integration)
2025-04-28T17:16:00.913-03:00  INFO 23212 --- [crud-backend] [restartedMain] j.LocalContainerEntityManagerFactoryBean : Initialized JPA EntityManagerFactory for persistence unit 'default'
2025-04-28T17:16:01.009-03:00  WARN 23212 --- [crud-backend] [restartedMain] JpaBaseConfiguration$JpaWebConfiguration : spring.jpa.open-in-view is enabled by default. Therefore, database queries may be performed during view rendering. Explicitly configure spring.jpa.open-in-view to disable this warning
2025-04-28T17:16:01.013-03:00  INFO 23212 --- [crud-backend] [restartedMain] r$InitializeUserDetailsManagerConfigurer : Global AuthenticationManager configured with UserDetailsService bean with name userService
2025-04-28T17:16:01.106-03:00  INFO 23212 --- [crud-backend] [restartedMain] o.s.b.d.a.OptionalLiveReloadServer       : LiveReload server is running on port 35729
2025-04-28T17:16:01.114-03:00  INFO 23212 --- [crud-backend] [restartedMain] o.s.b.w.embedded.tomcat.TomcatWebServer  : Tomcat started on port 8080 (http) with context path '/'
2025-04-28T17:16:01.116-03:00  INFO 23212 --- [crud-backend] [restartedMain] c.f.crud_backend.CrudBackendApplication  : Started CrudBackendApplication in 0.78 seconds (process running for 4718.012)
2025-04-28T17:16:01.117-03:00  INFO 23212 --- [crud-backend] [restartedMain] .ConditionEvaluationDeltaLoggingListener : Condition evaluation unchanged
2025-04-28T17:22:13.167-03:00  INFO 27608 --- [crud-backend] [restartedMain] c.f.crud_backend.CrudBackendApplication  : Starting CrudBackendApplication using Java 17.0.2 with PID 27608 (C:\Projects\Java Projects\PostgreSQL\crud-backend\crud-backend\target\classes started by flesc in C:\Projects\Java Projects\PostgreSQL\crud-backend\crud-backend)
2025-04-28T17:22:13.171-03:00  INFO 27608 --- [crud-backend] [restartedMain] c.f.crud_backend.CrudBackendApplication  : No active profile set, falling back to 1 default profile: "default"
2025-04-28T17:22:13.260-03:00  INFO 27608 --- [crud-backend] [restartedMain] .e.DevToolsPropertyDefaultsPostProcessor : Devtools property defaults active! Set 'spring.devtools.add-properties' to 'false' to disable
2025-04-28T17:22:13.260-03:00  INFO 27608 --- [crud-backend] [restartedMain] .e.DevToolsPropertyDefaultsPostProcessor : For additional web related logging consider setting the 'logging.level.web' property to 'DEBUG'
2025-04-28T17:22:14.473-03:00  INFO 27608 --- [crud-backend] [restartedMain] .s.d.r.c.RepositoryConfigurationDelegate : Bootstrapping Spring Data JPA repositories in DEFAULT mode.
2025-04-28T17:22:14.548-03:00  INFO 27608 --- [crud-backend] [restartedMain] .s.d.r.c.RepositoryConfigurationDelegate : Finished Spring Data repository scanning in 61 ms. Found 3 JPA repository interfaces.
2025-04-28T17:22:15.328-03:00  INFO 27608 --- [crud-backend] [restartedMain] o.s.b.w.embedded.tomcat.TomcatWebServer  : Tomcat initialized with port 8080 (http)
2025-04-28T17:22:15.346-03:00  INFO 27608 --- [crud-backend] [restartedMain] o.apache.catalina.core.StandardService   : Starting service [Tomcat]
2025-04-28T17:22:15.347-03:00  INFO 27608 --- [crud-backend] [restartedMain] o.apache.catalina.core.StandardEngine    : Starting Servlet engine: [Apache Tomcat/10.1.34]
2025-04-28T17:22:15.403-03:00  INFO 27608 --- [crud-backend] [restartedMain] o.a.c.c.C.[Tomcat].[localhost].[/]       : Initializing Spring embedded WebApplicationContext
2025-04-28T17:22:15.404-03:00  INFO 27608 --- [crud-backend] [restartedMain] w.s.c.ServletWebServerApplicationContext : Root WebApplicationContext: initialization completed in 2141 ms
2025-04-28T17:22:15.606-03:00  INFO 27608 --- [crud-backend] [restartedMain] o.hibernate.jpa.internal.util.LogHelper  : HHH000204: Processing PersistenceUnitInfo [name: default]
2025-04-28T17:22:15.689-03:00  INFO 27608 --- [crud-backend] [restartedMain] org.hibernate.Version                    : HHH000412: Hibernate ORM core version 6.6.5.Final
2025-04-28T17:22:15.730-03:00  INFO 27608 --- [crud-backend] [restartedMain] o.h.c.internal.RegionFactoryInitiator    : HHH000026: Second-level cache disabled
2025-04-28T17:22:16.068-03:00  INFO 27608 --- [crud-backend] [restartedMain] o.s.o.j.p.SpringPersistenceUnitInfo      : No LoadTimeWeaver setup: ignoring JPA class transformer
2025-04-28T17:22:16.112-03:00  INFO 27608 --- [crud-backend] [restartedMain] com.zaxxer.hikari.HikariDataSource       : HikariPool-1 - Starting...
2025-04-28T17:22:16.307-03:00  INFO 27608 --- [crud-backend] [restartedMain] com.zaxxer.hikari.pool.HikariPool        : HikariPool-1 - Added connection org.postgresql.jdbc.PgConnection@6ce5eb19
2025-04-28T17:22:16.311-03:00  INFO 27608 --- [crud-backend] [restartedMain] com.zaxxer.hikari.HikariDataSource       : HikariPool-1 - Start completed.
2025-04-28T17:22:16.355-03:00  WARN 27608 --- [crud-backend] [restartedMain] org.hibernate.orm.deprecation            : HHH90000025: PostgreSQLDialect does not need to be specified explicitly using 'hibernate.dialect' (remove the property setting and it will be selected by default)
2025-04-28T17:22:16.379-03:00  INFO 27608 --- [crud-backend] [restartedMain] org.hibernate.orm.connections.pooling    : HHH10001005: Database info:
	Database JDBC URL [Connecting through datasource 'HikariDataSource (HikariPool-1)']
	Database driver: undefined/unknown
	Database version: 17.0
	Autocommit mode: undefined/unknown
	Isolation level: undefined/unknown
	Minimum pool size: undefined/unknown
	Maximum pool size: undefined/unknown
2025-04-28T17:22:17.475-03:00  INFO 27608 --- [crud-backend] [restartedMain] o.h.e.t.j.p.i.JtaPlatformInitiator       : HHH000489: No JTA platform available (set 'hibernate.transaction.jta.platform' to enable JTA platform integration)
2025-04-28T17:22:17.601-03:00  INFO 27608 --- [crud-backend] [restartedMain] j.LocalContainerEntityManagerFactoryBean : Initialized JPA EntityManagerFactory for persistence unit 'default'
2025-04-28T17:22:18.205-03:00  WARN 27608 --- [crud-backend] [restartedMain] JpaBaseConfiguration$JpaWebConfiguration : spring.jpa.open-in-view is enabled by default. Therefore, database queries may be performed during view rendering. Explicitly configure spring.jpa.open-in-view to disable this warning
2025-04-28T17:22:18.230-03:00  INFO 27608 --- [crud-backend] [restartedMain] r$InitializeUserDetailsManagerConfigurer : Global AuthenticationManager configured with UserDetailsService bean with name userService
2025-04-28T17:22:18.926-03:00  INFO 27608 --- [crud-backend] [restartedMain] o.s.b.d.a.OptionalLiveReloadServer       : LiveReload server is running on port 35729
2025-04-28T17:22:18.964-03:00  INFO 27608 --- [crud-backend] [restartedMain] o.s.b.w.embedded.tomcat.TomcatWebServer  : Tomcat started on port 8080 (http) with context path '/'
2025-04-28T17:22:18.975-03:00  INFO 27608 --- [crud-backend] [restartedMain] c.f.crud_backend.CrudBackendApplication  : Started CrudBackendApplication in 6.408 seconds (process running for 8.946)
2025-04-28T17:29:27.815-03:00  INFO 27608 --- [crud-backend] [File Watcher] rtingClassPathChangeChangedEventListener : Restarting due to 1 class path change (0 additions, 0 deletions, 1 modification)
2025-04-28T17:29:27.826-03:00  INFO 27608 --- [crud-backend] [Thread-5] o.s.b.w.e.tomcat.GracefulShutdown        : Commencing graceful shutdown. Waiting for active requests to complete
2025-04-28T17:29:28.112-03:00  INFO 27608 --- [crud-backend] [tomcat-shutdown] o.s.b.w.e.tomcat.GracefulShutdown        : Graceful shutdown complete
2025-04-28T17:29:28.117-03:00  INFO 27608 --- [crud-backend] [Thread-5] j.LocalContainerEntityManagerFactoryBean : Closing JPA EntityManagerFactory for persistence unit 'default'
2025-04-28T17:29:28.132-03:00  INFO 27608 --- [crud-backend] [Thread-5] com.zaxxer.hikari.HikariDataSource       : HikariPool-1 - Shutdown initiated...
2025-04-28T17:29:28.138-03:00  INFO 27608 --- [crud-backend] [Thread-5] com.zaxxer.hikari.HikariDataSource       : HikariPool-1 - Shutdown completed.
